<?xml version="1.0" encoding="UTF-8"?>
<testsuite xmlns:xsi="http://www.w3.org/2001/XMLSchema-instance" xsi:noNamespaceSchemaLocation="https://maven.apache.org/surefire/maven-surefire-plugin/xsd/surefire-test-report.xsd" version="3.0.2" name="br.com.fiapx.processing.domain.ProcessingJobTest" time="0.111" tests="3" errors="0" skipped="0" failures="0">
  <properties>
[...]
</properties>
  <testcase name="cannot_complete_a_job_that_was_not_started" classname="br.com.fiapx.processing.domain.ProcessingJobTest" time="0.055"/>
  <testcase name="records_a_retry_then_fails_after_the_third_processing_failure" classname="br.com.fiapx.processing.domain.ProcessingJobTest" time="0.013"/>
  <testcase name="accepts_a_video_submission_then_completes_with_an_image_archive" classname="br.com.fiapx.processing.domain.ProcessingJobTest" time="0.004"/>
</testsuite>